#! /usr/local/iverilog/bin/vvp
:ivl_version "11.0 (devel)" "(s20150603-642-g3bdb50da)";
:ivl_delay_selection "TYPICAL";
:vpi_time_precision + 0;
:vpi_module "system";
:vpi_module "vhdl_sys";
:vpi_module "vhdl_textio";
:vpi_module "v2005_math";
:vpi_module "va_math";
S_0000000000885d90 .scope module, "t_ALU" "t_ALU" 2 187;
 .timescale 0 0;
v00000000008d9170_0 .net "ALU_result", 31 0, v00000000008860b0_0;  1 drivers
v00000000008d9210_0 .var "funct", 5 0;
v00000000008d9350_0 .var "immediate", 15 0;
v00000000008d95d0_0 .var "opcode", 5 0;
v00000000008d93f0_0 .var "rs_content", 31 0;
v00000000008d9670_0 .var "rt_content", 31 0;
v00000000008d9710_0 .var "shamt", 4 0;
v00000000008d9850_0 .net "sig_branch", 0 0, v00000000008d92b0_0;  1 drivers
S_0000000000885f20 .scope module, "testlol" "ALU32bit" 2 194, 2 7 0, S_0000000000885d90;
 .timescale 0 0;
    .port_info 0 /OUTPUT 32 "ALU_result";
    .port_info 1 /OUTPUT 1 "sig_branch";
    .port_info 2 /INPUT 6 "opcode";
    .port_info 3 /INPUT 32 "rs_content";
    .port_info 4 /INPUT 32 "rt_content";
    .port_info 5 /INPUT 5 "shamt";
    .port_info 6 /INPUT 6 "funct";
    .port_info 7 /INPUT 16 "immediate";
v00000000008860b0_0 .var "ALU_result", 31 0;
v00000000008d98f0_0 .net "funct", 5 0, v00000000008d9210_0;  1 drivers
v00000000008d90d0_0 .var/i "i", 31 0;
v00000000008d9990_0 .net "immediate", 15 0, v00000000008d9350_0;  1 drivers
v00000000008d9490_0 .net "opcode", 5 0, v00000000008d95d0_0;  1 drivers
v00000000008d97b0_0 .net "rs_content", 31 0, v00000000008d93f0_0;  1 drivers
v00000000008d9c10_0 .net "rt_content", 31 0, v00000000008d9670_0;  1 drivers
v00000000008d9cb0_0 .net "shamt", 4 0, v00000000008d9710_0;  1 drivers
v00000000008d92b0_0 .var "sig_branch", 0 0;
v00000000008d9f30_0 .var "signExtend", 31 0;
v00000000008d9030_0 .var/s "signed_rs", 31 0;
v00000000008d9b70_0 .var/s "signed_rt", 31 0;
v00000000008d9530_0 .var/s "temp", 31 0;
v00000000008d9e90_0 .var "zeroExtend", 31 0;
E_0000000000869970/0 .event edge, v00000000008d9f30_0, v00000000008d9e90_0, v00000000008d9b70_0, v00000000008d9030_0;
E_0000000000869970/1 .event edge, v00000000008d9490_0, v00000000008d9990_0, v00000000008d9cb0_0, v00000000008d9c10_0;
E_0000000000869970/2 .event edge, v00000000008d97b0_0, v00000000008d98f0_0;
E_0000000000869970 .event/or E_0000000000869970/0, E_0000000000869970/1, E_0000000000869970/2;
E_0000000000869830/0 .event edge, v00000000008d9490_0, v00000000008d9990_0, v00000000008d9cb0_0, v00000000008d9c10_0;
E_0000000000869830/1 .event edge, v00000000008d97b0_0, v00000000008d98f0_0;
E_0000000000869830 .event/or E_0000000000869830/0, E_0000000000869830/1;
    .scope S_0000000000885f20;
T_0 ;
    %wait E_0000000000869830;
    %load/vec4 v00000000008d97b0_0;
    %store/vec4 v00000000008d9030_0, 0, 32;
    %load/vec4 v00000000008d9c10_0;
    %store/vec4 v00000000008d9b70_0, 0, 32;
    %load/vec4 v00000000008d9490_0;
    %cmpi/e 0, 0, 6;
    %jmp/0xz  T_0.0, 4;
    %load/vec4 v00000000008d98f0_0;
    %dup/vec4;
    %pushi/vec4 32, 0, 6;
    %cmp/u;
    %jmp/1 T_0.2, 6;
    %dup/vec4;
    %pushi/vec4 33, 0, 6;
    %cmp/u;
    %jmp/1 T_0.3, 6;
    %dup/vec4;
    %pushi/vec4 34, 0, 6;
    %cmp/u;
    %jmp/1 T_0.4, 6;
    %dup/vec4;
    %pushi/vec4 35, 0, 6;
    %cmp/u;
    %jmp/1 T_0.5, 6;
    %dup/vec4;
    %pushi/vec4 36, 0, 6;
    %cmp/u;
    %jmp/1 T_0.6, 6;
    %dup/vec4;
    %pushi/vec4 37, 0, 6;
    %cmp/u;
    %jmp/1 T_0.7, 6;
    %dup/vec4;
    %pushi/vec4 39, 0, 6;
    %cmp/u;
    %jmp/1 T_0.8, 6;
    %dup/vec4;
    %pushi/vec4 3, 0, 6;
    %cmp/u;
    %jmp/1 T_0.9, 6;
    %dup/vec4;
    %pushi/vec4 2, 0, 6;
    %cmp/u;
    %jmp/1 T_0.10, 6;
    %dup/vec4;
    %pushi/vec4 0, 0, 6;
    %cmp/u;
    %jmp/1 T_0.11, 6;
    %dup/vec4;
    %pushi/vec4 43, 0, 6;
    %cmp/u;
    %jmp/1 T_0.12, 6;
    %dup/vec4;
    %pushi/vec4 42, 0, 6;
    %cmp/u;
    %jmp/1 T_0.13, 6;
    %jmp T_0.14;
T_0.2 ;
    %load/vec4 v00000000008d9030_0;
    %load/vec4 v00000000008d9b70_0;
    %add;
    %store/vec4 v00000000008860b0_0, 0, 32;
    %jmp T_0.14;
T_0.3 ;
    %load/vec4 v00000000008d97b0_0;
    %load/vec4 v00000000008d9c10_0;
    %add;
    %store/vec4 v00000000008860b0_0, 0, 32;
    %jmp T_0.14;
T_0.4 ;
    %load/vec4 v00000000008d9030_0;
    %load/vec4 v00000000008d9b70_0;
    %sub;
    %store/vec4 v00000000008860b0_0, 0, 32;
    %jmp T_0.14;
T_0.5 ;
    %load/vec4 v00000000008d97b0_0;
    %load/vec4 v00000000008d9c10_0;
    %sub;
    %store/vec4 v00000000008860b0_0, 0, 32;
    %jmp T_0.14;
T_0.6 ;
    %load/vec4 v00000000008d97b0_0;
    %load/vec4 v00000000008d9c10_0;
    %and;
    %store/vec4 v00000000008860b0_0, 0, 32;
    %jmp T_0.14;
T_0.7 ;
    %load/vec4 v00000000008d97b0_0;
    %load/vec4 v00000000008d9c10_0;
    %or;
    %store/vec4 v00000000008860b0_0, 0, 32;
    %jmp T_0.14;
T_0.8 ;
    %load/vec4 v00000000008d97b0_0;
    %load/vec4 v00000000008d9c10_0;
    %or;
    %inv;
    %store/vec4 v00000000008860b0_0, 0, 32;
    %jmp T_0.14;
T_0.9 ;
    %load/vec4 v00000000008d9c10_0;
    %store/vec4 v00000000008d9530_0, 0, 32;
    %pushi/vec4 0, 0, 32;
    %store/vec4 v00000000008d90d0_0, 0, 32;
T_0.15 ;
    %load/vec4 v00000000008d90d0_0;
    %load/vec4 v00000000008d9cb0_0;
    %pad/u 32;
    %cmp/u;
    %jmp/0xz T_0.16, 5;
    %load/vec4 v00000000008d9530_0;
    %parti/s 1, 31, 6;
    %load/vec4 v00000000008d9530_0;
    %parti/s 31, 1, 2;
    %concat/vec4; draw_concat_vec4
    %store/vec4 v00000000008d9530_0, 0, 32;
    %load/vec4 v00000000008d90d0_0;
    %addi 1, 0, 32;
    %store/vec4 v00000000008d90d0_0, 0, 32;
    %jmp T_0.15;
T_0.16 ;
    %load/vec4 v00000000008d9530_0;
    %store/vec4 v00000000008860b0_0, 0, 32;
    %jmp T_0.14;
T_0.10 ;
    %load/vec4 v00000000008d9c10_0;
    %ix/getv 4, v00000000008d9cb0_0;
    %shiftr 4;
    %store/vec4 v00000000008860b0_0, 0, 32;
    %jmp T_0.14;
T_0.11 ;
    %load/vec4 v00000000008d9c10_0;
    %ix/getv 4, v00000000008d9cb0_0;
    %shiftl 4;
    %store/vec4 v00000000008860b0_0, 0, 32;
    %jmp T_0.14;
T_0.12 ;
    %load/vec4 v00000000008d97b0_0;
    %load/vec4 v00000000008d9c10_0;
    %cmp/u;
    %jmp/0xz  T_0.17, 5;
    %pushi/vec4 1, 0, 32;
    %store/vec4 v00000000008860b0_0, 0, 32;
    %jmp T_0.18;
T_0.17 ;
    %pushi/vec4 0, 0, 32;
    %store/vec4 v00000000008860b0_0, 0, 32;
T_0.18 ;
    %jmp T_0.14;
T_0.13 ;
    %load/vec4 v00000000008d9030_0;
    %load/vec4 v00000000008d9b70_0;
    %cmp/s;
    %jmp/0xz  T_0.19, 5;
    %pushi/vec4 1, 0, 32;
    %store/vec4 v00000000008860b0_0, 0, 32;
    %jmp T_0.20;
T_0.19 ;
    %pushi/vec4 0, 0, 32;
    %store/vec4 v00000000008860b0_0, 0, 32;
T_0.20 ;
    %jmp T_0.14;
T_0.14 ;
    %pop/vec4 1;
    %jmp T_0.1;
T_0.0 ;
    %load/vec4 v00000000008d9990_0;
    %parti/s 1, 15, 5;
    %replicate 16;
    %load/vec4 v00000000008d9990_0;
    %concat/vec4; draw_concat_vec4
    %store/vec4 v00000000008d9f30_0, 0, 32;
    %pushi/vec4 0, 0, 16;
    %load/vec4 v00000000008d9990_0;
    %concat/vec4; draw_concat_vec4
    %store/vec4 v00000000008d9e90_0, 0, 32;
    %load/vec4 v00000000008d9490_0;
    %dup/vec4;
    %pushi/vec4 8, 0, 6;
    %cmp/u;
    %jmp/1 T_0.21, 6;
    %dup/vec4;
    %pushi/vec4 9, 0, 6;
    %cmp/u;
    %jmp/1 T_0.22, 6;
    %dup/vec4;
    %pushi/vec4 18, 0, 6;
    %cmp/u;
    %jmp/1 T_0.23, 6;
    %dup/vec4;
    %pushi/vec4 4, 0, 6;
    %cmp/u;
    %jmp/1 T_0.24, 6;
    %dup/vec4;
    %pushi/vec4 5, 0, 6;
    %cmp/u;
    %jmp/1 T_0.25, 6;
    %dup/vec4;
    %pushi/vec4 21, 0, 6;
    %cmp/u;
    %jmp/1 T_0.26, 6;
    %dup/vec4;
    %pushi/vec4 19, 0, 6;
    %cmp/u;
    %jmp/1 T_0.27, 6;
    %dup/vec4;
    %pushi/vec4 10, 0, 6;
    %cmp/u;
    %jmp/1 T_0.28, 6;
    %dup/vec4;
    %pushi/vec4 11, 0, 6;
    %cmp/u;
    %jmp/1 T_0.29, 6;
    %dup/vec4;
    %pushi/vec4 40, 0, 6;
    %cmp/u;
    %jmp/1 T_0.30, 6;
    %dup/vec4;
    %pushi/vec4 41, 0, 6;
    %cmp/u;
    %jmp/1 T_0.31, 6;
    %dup/vec4;
    %pushi/vec4 43, 0, 6;
    %cmp/u;
    %jmp/1 T_0.32, 6;
    %dup/vec4;
    %pushi/vec4 35, 0, 6;
    %cmp/u;
    %jmp/1 T_0.33, 6;
    %dup/vec4;
    %pushi/vec4 36, 0, 6;
    %cmp/u;
    %jmp/1 T_0.34, 6;
    %dup/vec4;
    %pushi/vec4 37, 0, 6;
    %cmp/u;
    %jmp/1 T_0.35, 6;
    %dup/vec4;
    %pushi/vec4 48, 0, 6;
    %cmp/u;
    %jmp/1 T_0.36, 6;
    %jmp T_0.37;
T_0.21 ;
    %load/vec4 v00000000008d9030_0;
    %load/vec4 v00000000008d9f30_0;
    %add;
    %store/vec4 v00000000008860b0_0, 0, 32;
    %jmp T_0.37;
T_0.22 ;
    %load/vec4 v00000000008d97b0_0;
    %load/vec4 v00000000008d9f30_0;
    %add;
    %store/vec4 v00000000008860b0_0, 0, 32;
    %jmp T_0.37;
T_0.23 ;
    %load/vec4 v00000000008d97b0_0;
    %load/vec4 v00000000008d9e90_0;
    %and;
    %store/vec4 v00000000008860b0_0, 0, 32;
    %jmp T_0.37;
T_0.24 ;
    %load/vec4 v00000000008d9030_0;
    %load/vec4 v00000000008d9b70_0;
    %sub;
    %store/vec4 v00000000008860b0_0, 0, 32;
    %load/vec4 v00000000008860b0_0;
    %cmpi/e 0, 0, 32;
    %jmp/0xz  T_0.38, 4;
    %pushi/vec4 1, 0, 1;
    %store/vec4 v00000000008d92b0_0, 0, 1;
    %jmp T_0.39;
T_0.38 ;
    %pushi/vec4 0, 0, 1;
    %store/vec4 v00000000008d92b0_0, 0, 1;
T_0.39 ;
    %jmp T_0.37;
T_0.25 ;
    %load/vec4 v00000000008d9030_0;
    %load/vec4 v00000000008d9b70_0;
    %sub;
    %store/vec4 v00000000008860b0_0, 0, 32;
    %load/vec4 v00000000008860b0_0;
    %cmpi/ne 0, 0, 32;
    %jmp/0xz  T_0.40, 4;
    %pushi/vec4 1, 0, 1;
    %store/vec4 v00000000008d92b0_0, 0, 1;
    %pushi/vec4 0, 0, 32;
    %store/vec4 v00000000008860b0_0, 0, 32;
    %jmp T_0.41;
T_0.40 ;
    %pushi/vec4 0, 0, 1;
    %store/vec4 v00000000008d92b0_0, 0, 1;
T_0.41 ;
    %jmp T_0.37;
T_0.26 ;
    %load/vec4 v00000000008d9990_0;
    %concati/vec4 0, 0, 16;
    %store/vec4 v00000000008860b0_0, 0, 32;
    %jmp T_0.37;
T_0.27 ;
    %load/vec4 v00000000008d97b0_0;
    %load/vec4 v00000000008d9e90_0;
    %or;
    %store/vec4 v00000000008860b0_0, 0, 32;
    %jmp T_0.37;
T_0.28 ;
    %load/vec4 v00000000008d9030_0;
    %load/vec4 v00000000008d9f30_0;
    %cmp/s;
    %jmp/0xz  T_0.42, 5;
    %pushi/vec4 1, 0, 32;
    %store/vec4 v00000000008860b0_0, 0, 32;
    %jmp T_0.43;
T_0.42 ;
    %pushi/vec4 0, 0, 32;
    %store/vec4 v00000000008860b0_0, 0, 32;
T_0.43 ;
    %jmp T_0.37;
T_0.29 ;
    %load/vec4 v00000000008d97b0_0;
    %load/vec4 v00000000008d9f30_0;
    %cmp/u;
    %jmp/0xz  T_0.44, 5;
    %pushi/vec4 1, 0, 32;
    %store/vec4 v00000000008860b0_0, 0, 32;
    %jmp T_0.45;
T_0.44 ;
    %pushi/vec4 0, 0, 32;
    %store/vec4 v00000000008860b0_0, 0, 32;
T_0.45 ;
    %jmp T_0.37;
T_0.30 ;
    %load/vec4 v00000000008d9030_0;
    %load/vec4 v00000000008d9f30_0;
    %add;
    %store/vec4 v00000000008860b0_0, 0, 32;
    %jmp T_0.37;
T_0.31 ;
    %load/vec4 v00000000008d9030_0;
    %load/vec4 v00000000008d9f30_0;
    %add;
    %store/vec4 v00000000008860b0_0, 0, 32;
    %jmp T_0.37;
T_0.32 ;
    %load/vec4 v00000000008d9030_0;
    %load/vec4 v00000000008d9f30_0;
    %add;
    %store/vec4 v00000000008860b0_0, 0, 32;
    %jmp T_0.37;
T_0.33 ;
    %load/vec4 v00000000008d9030_0;
    %load/vec4 v00000000008d9f30_0;
    %add;
    %store/vec4 v00000000008860b0_0, 0, 32;
    %jmp T_0.37;
T_0.34 ;
    %load/vec4 v00000000008d9030_0;
    %load/vec4 v00000000008d9f30_0;
    %add;
    %store/vec4 v00000000008860b0_0, 0, 32;
    %jmp T_0.37;
T_0.35 ;
    %load/vec4 v00000000008d9030_0;
    %load/vec4 v00000000008d9f30_0;
    %add;
    %store/vec4 v00000000008860b0_0, 0, 32;
    %jmp T_0.37;
T_0.36 ;
    %load/vec4 v00000000008d9030_0;
    %load/vec4 v00000000008d9f30_0;
    %add;
    %store/vec4 v00000000008860b0_0, 0, 32;
    %jmp T_0.37;
T_0.37 ;
    %pop/vec4 1;
T_0.1 ;
    %jmp T_0;
    .thread T_0, $push;
    .scope S_0000000000885f20;
T_1 ;
    %wait E_0000000000869970;
    %vpi_call 2 182 "$display", "Opcode : %6b, RS : %32b, RT : %32b,\012 signExtendImm = %32b, Result : %32b\012", v00000000008d9490_0, v00000000008d97b0_0, v00000000008d9c10_0, v00000000008d9f30_0, v00000000008860b0_0 {0 0 0};
    %jmp T_1;
    .thread T_1, $push;
    .scope S_0000000000885d90;
T_2 ;
    %vpi_call 2 197 "$dumpfile", "test.vcd" {0 0 0};
    %vpi_call 2 198 "$dumpvars", 32'sb00000000000000000000000000000000, S_0000000000885d90 {0 0 0};
    %end;
    .thread T_2;
    .scope S_0000000000885d90;
T_3 ;
    %pushi/vec4 2, 0, 32;
    %store/vec4 v00000000008d93f0_0, 0, 32;
    %pushi/vec4 4, 0, 32;
    %store/vec4 v00000000008d9670_0, 0, 32;
    %pushi/vec4 0, 0, 16;
    %store/vec4 v00000000008d9350_0, 0, 16;
    %pushi/vec4 32, 0, 6;
    %store/vec4 v00000000008d9210_0, 0, 6;
    %pushi/vec4 0, 0, 5;
    %store/vec4 v00000000008d9710_0, 0, 5;
    %pushi/vec4 0, 0, 6;
    %store/vec4 v00000000008d95d0_0, 0, 6;
    %delay 10, 0;
    %pushi/vec4 35, 0, 6;
    %store/vec4 v00000000008d95d0_0, 0, 6;
    %pushi/vec4 0, 0, 6;
    %store/vec4 v00000000008d9210_0, 0, 6;
    %pushi/vec4 0, 0, 5;
    %store/vec4 v00000000008d9710_0, 0, 5;
    %pushi/vec4 2, 0, 16;
    %store/vec4 v00000000008d9350_0, 0, 16;
    %pushi/vec4 5, 0, 32;
    %store/vec4 v00000000008d93f0_0, 0, 32;
    %pushi/vec4 0, 0, 32;
    %store/vec4 v00000000008d9670_0, 0, 32;
    %end;
    .thread T_3;
# The file index is used to find the file name in the following table.
:file_names 3;
    "N/A";
    "<interactive>";
    "ALU32bit.v";
