#! /usr/local/iverilog/bin/vvp
:ivl_version "11.0 (devel)" "(s20150603-642-g3bdb50da)";
:ivl_delay_selection "TYPICAL";
:vpi_time_precision + 0;
:vpi_module "system";
:vpi_module "vhdl_sys";
:vpi_module "vhdl_textio";
:vpi_module "v2005_math";
:vpi_module "va_math";
S_000000000104ff70 .scope module, "t_ALU" "t_ALU" 2 138;
 .timescale 0 0;
v00000000010c1800_0 .net "ALU_result", 63 0, v0000000001065af0_0;  1 drivers
v00000000010c1760_0 .net "Branch", 0 0, v0000000001065b90_0;  1 drivers
v00000000010c1b20_0 .var "aa", 0 0;
v00000000010c1bc0_0 .var "bi", 63 0;
v00000000010c1440_0 .var "bo", 63 0;
v00000000010c1e40_0 .var "ds", 13 0;
v00000000010c1ee0_0 .var "opcode", 5 0;
v00000000010c1120_0 .var "rc", 0 0;
v00000000010c1f80_0 .var "rs", 63 0;
v00000000010c1580_0 .var "rt", 63 0;
v00000000010c16c0_0 .var "si", 15 0;
v00000000010c18a0_0 .var "xods", 1 0;
v00000000010cb9a0_0 .var "xox", 9 0;
v00000000010caa00_0 .var "xoxo", 8 0;
S_0000000001065870 .scope module, "t" "ALU32bit" 2 157, 2 5 0, S_000000000104ff70;
 .timescale 0 0;
    .port_info 0 /OUTPUT 64 "ALU_result";
    .port_info 1 /OUTPUT 1 "Branch";
    .port_info 2 /INPUT 64 "rs";
    .port_info 3 /INPUT 64 "rt";
    .port_info 4 /INPUT 64 "bo";
    .port_info 5 /INPUT 64 "bi";
    .port_info 6 /INPUT 6 "opcode";
    .port_info 7 /INPUT 9 "xoxo";
    .port_info 8 /INPUT 10 "xox";
    .port_info 9 /INPUT 1 "rc";
    .port_info 10 /INPUT 1 "aa";
    .port_info 11 /INPUT 14 "ds";
    .port_info 12 /INPUT 16 "si";
    .port_info 13 /INPUT 2 "xods";
v0000000001065af0_0 .var "ALU_result", 63 0;
v0000000001065b90_0 .var "Branch", 0 0;
v0000000001052e00_0 .net "aa", 0 0, v00000000010c1b20_0;  1 drivers
v0000000001052ea0_0 .net "bi", 63 0, v00000000010c1bc0_0;  1 drivers
v0000000001052f40_0 .net "bo", 63 0, v00000000010c1440_0;  1 drivers
v0000000001052fe0_0 .net "ds", 13 0, v00000000010c1e40_0;  1 drivers
v00000000010c1620_0 .net "opcode", 5 0, v00000000010c1ee0_0;  1 drivers
v00000000010c1c60_0 .net "rc", 0 0, v00000000010c1120_0;  1 drivers
v00000000010c11c0_0 .net "rs", 63 0, v00000000010c1f80_0;  1 drivers
v00000000010c1d00_0 .net "rt", 63 0, v00000000010c1580_0;  1 drivers
v00000000010c1da0_0 .net "si", 15 0, v00000000010c16c0_0;  1 drivers
v00000000010c1260_0 .var "sign16ExtendSI", 31 0;
v00000000010c14e0_0 .var "signExtendDS", 31 0;
v00000000010c1940_0 .var "signExtendSI", 31 0;
v00000000010c19e0_0 .var/s "signed_rs", 31 0;
v00000000010c1300_0 .var/s "signed_rt", 31 0;
v00000000010c13a0_0 .net "xods", 1 0, v00000000010c18a0_0;  1 drivers
v00000000010c1a80_0 .net "xox", 9 0, v00000000010cb9a0_0;  1 drivers
v00000000010c1080_0 .net "xoxo", 8 0, v00000000010caa00_0;  1 drivers
E_000000000104cf60/0 .event edge, v00000000010c1620_0, v00000000010c1da0_0, v0000000001052fe0_0, v00000000010c1c60_0;
E_000000000104cf60/1 .event edge, v00000000010c13a0_0, v00000000010c1080_0, v00000000010c1a80_0, v0000000001052ea0_0;
E_000000000104cf60/2 .event edge, v0000000001052f40_0, v00000000010c1d00_0, v00000000010c11c0_0;
E_000000000104cf60 .event/or E_000000000104cf60/0, E_000000000104cf60/1, E_000000000104cf60/2;
    .scope S_0000000001065870;
T_0 ;
    %wait E_000000000104cf60;
    %load/vec4 v00000000010c11c0_0;
    %pad/u 32;
    %store/vec4 v00000000010c19e0_0, 0, 32;
    %load/vec4 v00000000010c1d00_0;
    %pad/u 32;
    %store/vec4 v00000000010c1300_0, 0, 32;
    %load/vec4 v00000000010c1da0_0;
    %parti/s 1, 15, 5;
    %replicate 48;
    %load/vec4 v00000000010c1da0_0;
    %concat/vec4; draw_concat_vec4
    %pad/u 32;
    %store/vec4 v00000000010c1940_0, 0, 32;
    %load/vec4 v00000000010c1da0_0;
    %load/vec4 v00000000010c1da0_0;
    %parti/s 1, 15, 5;
    %replicate 16;
    %concat/vec4; draw_concat_vec4
    %store/vec4 v00000000010c1260_0, 0, 32;
    %load/vec4 v0000000001052fe0_0;
    %parti/s 1, 13, 5;
    %replicate 50;
    %load/vec4 v0000000001052fe0_0;
    %concat/vec4; draw_concat_vec4
    %pad/u 32;
    %store/vec4 v00000000010c14e0_0, 0, 32;
    %load/vec4 v00000000010c1620_0;
    %pushi/vec4 31, 0, 6;
    %cmp/e;
    %flag_get/vec4 4;
    %load/vec4 v00000000010c1080_0;
    %pad/u 32;
    %pushi/vec4 0, 0, 32;
    %cmp/ne;
    %flag_get/vec4 4;
    %and;
    %flag_set/vec4 8;
    %jmp/0xz  T_0.0, 8;
    %load/vec4 v00000000010c1080_0;
    %dup/vec4;
    %pushi/vec4 266, 0, 9;
    %cmp/u;
    %jmp/1 T_0.2, 6;
    %dup/vec4;
    %pushi/vec4 40, 0, 9;
    %cmp/u;
    %jmp/1 T_0.3, 6;
    %jmp T_0.4;
T_0.2 ;
    %load/vec4 v00000000010c19e0_0;
    %pad/s 64;
    %load/vec4 v00000000010c1300_0;
    %pad/s 64;
    %add;
    %store/vec4 v0000000001065af0_0, 0, 64;
    %jmp T_0.4;
T_0.3 ;
    %load/vec4 v00000000010c1300_0;
    %pad/s 64;
    %load/vec4 v00000000010c19e0_0;
    %pad/s 64;
    %sub;
    %store/vec4 v0000000001065af0_0, 0, 64;
    %jmp T_0.4;
T_0.4 ;
    %pop/vec4 1;
    %jmp T_0.1;
T_0.0 ;
    %load/vec4 v00000000010c1620_0;
    %cmpi/e 31, 0, 6;
    %jmp/0xz  T_0.5, 4;
    %load/vec4 v00000000010c1a80_0;
    %dup/vec4;
    %pushi/vec4 28, 0, 10;
    %cmp/u;
    %jmp/1 T_0.7, 6;
    %dup/vec4;
    %pushi/vec4 986, 0, 10;
    %cmp/u;
    %jmp/1 T_0.8, 6;
    %dup/vec4;
    %pushi/vec4 476, 0, 10;
    %cmp/u;
    %jmp/1 T_0.9, 6;
    %dup/vec4;
    %pushi/vec4 444, 0, 10;
    %cmp/u;
    %jmp/1 T_0.10, 6;
    %dup/vec4;
    %pushi/vec4 316, 0, 10;
    %cmp/u;
    %jmp/1 T_0.11, 6;
    %jmp T_0.12;
T_0.7 ;
    %load/vec4 v00000000010c11c0_0;
    %load/vec4 v00000000010c1d00_0;
    %and;
    %store/vec4 v0000000001065af0_0, 0, 64;
    %jmp T_0.12;
T_0.8 ;
    %load/vec4 v00000000010c11c0_0;
    %parti/s 1, 31, 6;
    %replicate 32;
    %load/vec4 v00000000010c11c0_0;
    %parti/s 32, 0, 2;
    %concat/vec4; draw_concat_vec4
    %store/vec4 v0000000001065af0_0, 0, 64;
    %jmp T_0.12;
T_0.9 ;
    %load/vec4 v00000000010c11c0_0;
    %load/vec4 v00000000010c1d00_0;
    %and;
    %inv;
    %store/vec4 v0000000001065af0_0, 0, 64;
    %jmp T_0.12;
T_0.10 ;
    %load/vec4 v00000000010c11c0_0;
    %load/vec4 v00000000010c1d00_0;
    %or;
    %store/vec4 v0000000001065af0_0, 0, 64;
    %jmp T_0.12;
T_0.11 ;
    %load/vec4 v00000000010c11c0_0;
    %load/vec4 v00000000010c1d00_0;
    %xor;
    %store/vec4 v0000000001065af0_0, 0, 64;
    %jmp T_0.12;
T_0.12 ;
    %pop/vec4 1;
    %jmp T_0.6;
T_0.5 ;
    %load/vec4 v00000000010c1620_0;
    %pushi/vec4 14, 0, 6;
    %cmp/e;
    %flag_get/vec4 4;
    %load/vec4 v00000000010c1620_0;
    %pushi/vec4 15, 0, 6;
    %cmp/e;
    %flag_get/vec4 4;
    %or;
    %load/vec4 v00000000010c1620_0;
    %pushi/vec4 28, 0, 6;
    %cmp/e;
    %flag_get/vec4 4;
    %or;
    %load/vec4 v00000000010c1620_0;
    %pushi/vec4 24, 0, 6;
    %cmp/e;
    %flag_get/vec4 4;
    %or;
    %load/vec4 v00000000010c1620_0;
    %pushi/vec4 26, 0, 6;
    %cmp/e;
    %flag_get/vec4 4;
    %or;
    %load/vec4 v00000000010c1620_0;
    %pushi/vec4 32, 0, 6;
    %cmp/e;
    %flag_get/vec4 4;
    %or;
    %load/vec4 v00000000010c1620_0;
    %pushi/vec4 36, 0, 6;
    %cmp/e;
    %flag_get/vec4 4;
    %or;
    %load/vec4 v00000000010c1620_0;
    %pushi/vec4 37, 0, 6;
    %cmp/e;
    %flag_get/vec4 4;
    %or;
    %load/vec4 v00000000010c1620_0;
    %pushi/vec4 40, 0, 6;
    %cmp/e;
    %flag_get/vec4 4;
    %or;
    %load/vec4 v00000000010c1620_0;
    %pushi/vec4 42, 0, 6;
    %cmp/e;
    %flag_get/vec4 4;
    %or;
    %load/vec4 v00000000010c1620_0;
    %pushi/vec4 44, 0, 6;
    %cmp/e;
    %flag_get/vec4 4;
    %or;
    %load/vec4 v00000000010c1620_0;
    %pushi/vec4 34, 0, 6;
    %cmp/e;
    %flag_get/vec4 4;
    %or;
    %load/vec4 v00000000010c1620_0;
    %pushi/vec4 38, 0, 6;
    %cmp/e;
    %flag_get/vec4 4;
    %or;
    %flag_set/vec4 8;
    %jmp/0xz  T_0.13, 8;
    %load/vec4 v00000000010c1620_0;
    %dup/vec4;
    %pushi/vec4 14, 0, 6;
    %cmp/u;
    %jmp/1 T_0.15, 6;
    %dup/vec4;
    %pushi/vec4 15, 0, 6;
    %cmp/u;
    %jmp/1 T_0.16, 6;
    %dup/vec4;
    %pushi/vec4 28, 0, 6;
    %cmp/u;
    %jmp/1 T_0.17, 6;
    %dup/vec4;
    %pushi/vec4 24, 0, 6;
    %cmp/u;
    %jmp/1 T_0.18, 6;
    %dup/vec4;
    %pushi/vec4 26, 0, 6;
    %cmp/u;
    %jmp/1 T_0.19, 6;
    %dup/vec4;
    %pushi/vec4 32, 0, 6;
    %cmp/u;
    %jmp/1 T_0.20, 6;
    %dup/vec4;
    %pushi/vec4 36, 0, 6;
    %cmp/u;
    %jmp/1 T_0.21, 6;
    %dup/vec4;
    %pushi/vec4 37, 0, 6;
    %cmp/u;
    %jmp/1 T_0.22, 6;
    %dup/vec4;
    %pushi/vec4 40, 0, 6;
    %cmp/u;
    %jmp/1 T_0.23, 6;
    %dup/vec4;
    %pushi/vec4 42, 0, 6;
    %cmp/u;
    %jmp/1 T_0.24, 6;
    %dup/vec4;
    %pushi/vec4 44, 0, 6;
    %cmp/u;
    %jmp/1 T_0.25, 6;
    %dup/vec4;
    %pushi/vec4 36, 0, 6;
    %cmp/u;
    %jmp/1 T_0.26, 6;
    %dup/vec4;
    %pushi/vec4 36, 0, 6;
    %cmp/u;
    %jmp/1 T_0.27, 6;
    %jmp T_0.28;
T_0.15 ;
    %load/vec4 v00000000010c1940_0;
    %pad/u 64;
    %load/vec4 v00000000010c11c0_0;
    %add;
    %store/vec4 v0000000001065af0_0, 0, 64;
    %jmp T_0.28;
T_0.16 ;
    %load/vec4 v00000000010c1260_0;
    %pad/u 64;
    %load/vec4 v00000000010c11c0_0;
    %add;
    %store/vec4 v0000000001065af0_0, 0, 64;
    %jmp T_0.28;
T_0.17 ;
    %load/vec4 v00000000010c1940_0;
    %pad/u 64;
    %load/vec4 v00000000010c11c0_0;
    %and;
    %store/vec4 v0000000001065af0_0, 0, 64;
    %jmp T_0.28;
T_0.18 ;
    %load/vec4 v00000000010c1940_0;
    %pad/u 64;
    %load/vec4 v00000000010c11c0_0;
    %or;
    %store/vec4 v0000000001065af0_0, 0, 64;
    %jmp T_0.28;
T_0.19 ;
    %load/vec4 v00000000010c1940_0;
    %pad/u 64;
    %load/vec4 v00000000010c11c0_0;
    %xor;
    %store/vec4 v0000000001065af0_0, 0, 64;
    %jmp T_0.28;
T_0.20 ;
    %load/vec4 v00000000010c19e0_0;
    %pad/u 64;
    %load/vec4 v00000000010c1940_0;
    %pad/u 64;
    %add;
    %store/vec4 v0000000001065af0_0, 0, 64;
    %jmp T_0.28;
T_0.21 ;
    %load/vec4 v00000000010c19e0_0;
    %pad/u 64;
    %load/vec4 v00000000010c1940_0;
    %pad/u 64;
    %add;
    %store/vec4 v0000000001065af0_0, 0, 64;
    %jmp T_0.28;
T_0.22 ;
    %load/vec4 v00000000010c19e0_0;
    %pad/u 64;
    %load/vec4 v00000000010c1940_0;
    %pad/u 64;
    %add;
    %store/vec4 v0000000001065af0_0, 0, 64;
    %jmp T_0.28;
T_0.23 ;
    %load/vec4 v00000000010c19e0_0;
    %pad/u 64;
    %load/vec4 v00000000010c1940_0;
    %pad/u 64;
    %add;
    %store/vec4 v0000000001065af0_0, 0, 64;
    %jmp T_0.28;
T_0.24 ;
    %load/vec4 v00000000010c19e0_0;
    %pad/u 64;
    %load/vec4 v00000000010c1940_0;
    %pad/u 64;
    %add;
    %store/vec4 v0000000001065af0_0, 0, 64;
    %jmp T_0.28;
T_0.25 ;
    %load/vec4 v00000000010c19e0_0;
    %pad/u 64;
    %load/vec4 v00000000010c1940_0;
    %pad/u 64;
    %add;
    %store/vec4 v0000000001065af0_0, 0, 64;
    %jmp T_0.28;
T_0.26 ;
    %load/vec4 v00000000010c19e0_0;
    %pad/u 64;
    %load/vec4 v00000000010c1940_0;
    %pad/u 64;
    %add;
    %store/vec4 v0000000001065af0_0, 0, 64;
    %jmp T_0.28;
T_0.27 ;
    %load/vec4 v00000000010c19e0_0;
    %pad/u 64;
    %load/vec4 v00000000010c1940_0;
    %pad/u 64;
    %add;
    %store/vec4 v0000000001065af0_0, 0, 64;
    %jmp T_0.28;
T_0.28 ;
    %pop/vec4 1;
    %jmp T_0.14;
T_0.13 ;
    %load/vec4 v00000000010c1620_0;
    %cmpi/e 18, 0, 6;
    %jmp/0xz  T_0.29, 4;
    %pushi/vec4 1, 0, 1;
    %store/vec4 v0000000001065b90_0, 0, 1;
    %jmp T_0.30;
T_0.29 ;
    %load/vec4 v00000000010c1620_0;
    %cmpi/e 19, 0, 6;
    %jmp/0xz  T_0.31, 4;
    %load/vec4 v0000000001052e00_0;
    %cmpi/e 0, 0, 1;
    %jmp/0xz  T_0.33, 4;
    %load/vec4 v00000000010c19e0_0;
    %pad/s 64;
    %load/vec4 v00000000010c1300_0;
    %pad/s 64;
    %sub;
    %store/vec4 v0000000001065af0_0, 0, 64;
    %load/vec4 v0000000001065af0_0;
    %cmpi/e 0, 0, 64;
    %jmp/0xz  T_0.35, 4;
    %pushi/vec4 1, 0, 1;
    %store/vec4 v0000000001065b90_0, 0, 1;
    %jmp T_0.36;
T_0.35 ;
    %pushi/vec4 0, 0, 1;
    %store/vec4 v0000000001065b90_0, 0, 1;
T_0.36 ;
    %jmp T_0.34;
T_0.33 ;
    %load/vec4 v00000000010c19e0_0;
    %pad/s 64;
    %load/vec4 v00000000010c1300_0;
    %pad/s 64;
    %sub;
    %store/vec4 v0000000001065af0_0, 0, 64;
    %load/vec4 v0000000001065af0_0;
    %cmpi/e 0, 0, 64;
    %jmp/0xz  T_0.37, 4;
    %pushi/vec4 0, 0, 1;
    %store/vec4 v0000000001065b90_0, 0, 1;
    %pushi/vec4 0, 0, 64;
    %store/vec4 v0000000001065af0_0, 0, 64;
    %jmp T_0.38;
T_0.37 ;
    %pushi/vec4 1, 0, 1;
    %store/vec4 v0000000001065b90_0, 0, 1;
T_0.38 ;
T_0.34 ;
    %jmp T_0.32;
T_0.31 ;
    %load/vec4 v00000000010c1620_0;
    %cmpi/e 58, 0, 6;
    %jmp/0xz  T_0.39, 4;
    %load/vec4 v00000000010c19e0_0;
    %pad/u 64;
    %load/vec4 v00000000010c14e0_0;
    %pad/u 64;
    %add;
    %store/vec4 v0000000001065af0_0, 0, 64;
    %jmp T_0.40;
T_0.39 ;
    %load/vec4 v00000000010c1620_0;
    %cmpi/e 62, 0, 6;
    %jmp/0xz  T_0.41, 4;
    %load/vec4 v00000000010c19e0_0;
    %pad/u 64;
    %load/vec4 v00000000010c14e0_0;
    %pad/u 64;
    %add;
    %store/vec4 v0000000001065af0_0, 0, 64;
T_0.41 ;
T_0.40 ;
T_0.32 ;
T_0.30 ;
T_0.14 ;
T_0.6 ;
T_0.1 ;
    %jmp T_0;
    .thread T_0, $push;
    .scope S_0000000001065870;
T_1 ;
    %vpi_call 2 131 "$monitor", "Opcode : %6b, RS : %b, RT : %b, signExtendImm = %b, signExtendDs = %b Result : %b\012", v00000000010c1620_0, v00000000010c11c0_0, v00000000010c1d00_0, v00000000010c1940_0, v00000000010c14e0_0, v0000000001065af0_0 {0 0 0};
    %end;
    .thread T_1;
    .scope S_000000000104ff70;
T_2 ;
    %vpi_call 2 142 "$dumpfile", "test.vcd" {0 0 0};
    %vpi_call 2 143 "$dumpvars", 32'sb00000000000000000000000000000000, S_000000000104ff70 {0 0 0};
    %end;
    .thread T_2;
    .scope S_000000000104ff70;
T_3 ;
    %pushi/vec4 3, 0, 64;
    %store/vec4 v00000000010c1f80_0, 0, 64;
    %pushi/vec4 4, 0, 64;
    %store/vec4 v00000000010c1580_0, 0, 64;
    %pushi/vec4 266, 0, 9;
    %store/vec4 v00000000010caa00_0, 0, 9;
    %pushi/vec4 31, 0, 6;
    %store/vec4 v00000000010c1ee0_0, 0, 6;
    %pushi/vec4 0, 0, 64;
    %store/vec4 v00000000010c1440_0, 0, 64;
    %pushi/vec4 0, 0, 64;
    %store/vec4 v00000000010c1bc0_0, 0, 64;
    %pushi/vec4 0, 0, 16;
    %store/vec4 v00000000010c16c0_0, 0, 16;
    %pushi/vec4 0, 0, 14;
    %store/vec4 v00000000010c1e40_0, 0, 14;
    %pushi/vec4 0, 0, 10;
    %store/vec4 v00000000010cb9a0_0, 0, 10;
    %pushi/vec4 0, 0, 1;
    %store/vec4 v00000000010c1b20_0, 0, 1;
    %pushi/vec4 0, 0, 2;
    %store/vec4 v00000000010c18a0_0, 0, 2;
    %pushi/vec4 0, 0, 1;
    %store/vec4 v00000000010c1120_0, 0, 1;
    %delay 10, 0;
    %pushi/vec4 20, 0, 64;
    %store/vec4 v00000000010c1f80_0, 0, 64;
    %pushi/vec4 24, 0, 64;
    %store/vec4 v00000000010c1580_0, 0, 64;
    %pushi/vec4 40, 0, 9;
    %store/vec4 v00000000010caa00_0, 0, 9;
    %delay 10, 0;
    %pushi/vec4 14, 0, 6;
    %store/vec4 v00000000010c1ee0_0, 0, 6;
    %pushi/vec4 24, 0, 64;
    %store/vec4 v00000000010c1f80_0, 0, 64;
    %pushi/vec4 10, 0, 16;
    %store/vec4 v00000000010c16c0_0, 0, 16;
    %delay 10, 0;
    %pushi/vec4 32, 0, 6;
    %store/vec4 v00000000010c1ee0_0, 0, 6;
    %pushi/vec4 10, 0, 64;
    %store/vec4 v00000000010c1f80_0, 0, 64;
    %pushi/vec4 23, 0, 16;
    %store/vec4 v00000000010c16c0_0, 0, 16;
    %end;
    .thread T_3;
# The file index is used to find the file name in the following table.
:file_names 3;
    "N/A";
    "<interactive>";
    "ALU32bit.v";
